<?xml version="1.0" encoding="UTF-8"?>
<!-- Generated by org.testng.reporters.JUnitReportReporter -->
<testsuite hostname="LAPTOP-FG6TU5Q7" failures="0" tests="3" name="testNGPratice.Dataprovider" time="0.022" errors="0" timestamp="2025-07-25T19:37:49 IST" skipped="0">
  <testcase classname="testNGPratice.Dataprovider" name="login" time="0.007"/>
  <testcase classname="testNGPratice.Dataprovider" name="login" time="0.002"/>
  <testcase classname="testNGPratice.Dataprovider" name="login" time="0.013"/>
</testsuite> <!-- testNGPratice.Dataprovider -->
