<?xml version="1.0" encoding="UTF-8"?>
<!-- Generated by org.testng.reporters.JUnitReportReporter -->
<testsuite hostname="LAPTOP-FG6TU5Q7" failures="0" tests="3" name="testNGPratice.Priority" time="0.020" errors="0" timestamp="2025-07-24T19:25:35 IST" skipped="0">
  <testcase classname="testNGPratice.Priority" name="sub" time="0.015">
    <system-out>
      <![CDATA[sub]]>
    </system-out>
  </testcase> <!-- sub -->
  <testcase classname="testNGPratice.Priority" name="div" time="0.002">
    <system-out>
      <![CDATA[div]]>
    </system-out>
  </testcase> <!-- div -->
  <testcase classname="testNGPratice.Priority" name="add" time="0.003">
    <system-out>
      <![CDATA[add]]>
    </system-out>
  </testcase> <!-- add -->
  <system-out>
    <![CDATA[sub
div
add]]>
  </system-out>
</testsuite> <!-- testNGPratice.Priority -->
