<?xml version="1.0" encoding="UTF-8"?>
<!-- Generated by org.testng.reporters.JUnitReportReporter -->
<testsuite hostname="LAPTOP-FG6TU5Q7" failures="0" tests="5" name="testNGPratice.enabled" time="0.022" errors="0" timestamp="2025-07-24T19:51:23 IST" skipped="1">
  <testcase classname="testNGPratice.enabled" name="b11" time="0.006">
    <system-out>
      <![CDATA[b11 excueted]]>
    </system-out>
  </testcase> <!-- b11 -->
  <testcase classname="testNGPratice.enabled" name="a16" time="0.001">
    <system-out>
      <![CDATA[a16 excueted]]>
    </system-out>
  </testcase> <!-- a16 -->
  <testcase classname="testNGPratice.enabled" name="b25" time="0.001">
    <system-out>
      <![CDATA[b25 excueted]]>
    </system-out>
  </testcase> <!-- b25 -->
  <testcase classname="testNGPratice.enabled" name="a11" time="0.014">
    <system-out>
      <![CDATA[a11 excueted]]>
    </system-out>
  </testcase> <!-- a11 -->
  <testcase classname="testNGPratice.enabled" name="a23">
    <skipped/>
  </testcase> <!-- a23 -->
  <system-out>
    <![CDATA[a11 excueted
a16 excueted
b11 excueted
b25 excueted]]>
  </system-out>
</testsuite> <!-- testNGPratice.enabled -->
