<?xml version="1.0" encoding="UTF-8"?>
<!-- Generated by org.testng.reporters.JUnitReportReporter -->
<testsuite hostname="LAPTOP-FG6TU5Q7" failures="0" tests="1" name="implemenationofTestNG.CreateCampaignwithStatus" time="9.144" errors="0" timestamp="2025-07-26T19:42:34 IST" skipped="0">
  <testcase classname="implemenationofTestNG.CreateCampaignwithStatus" name="CreateCampaignwithStatus" time="9.144"/>
</testsuite> <!-- implemenationofTestNG.CreateCampaignwithStatus -->
