<?xml version="1.0" encoding="UTF-8"?>
<!-- Generated by org.testng.reporters.JUnitReportReporter -->
<testsuite hostname="LAPTOP-FG6TU5Q7" failures="0" tests="1" name="Product.ProductTest" time="6.909" errors="0" timestamp="2025-07-31T20:30:28 IST" skipped="0">
  <testcase classname="Product.ProductTest" name="ProductWithMandatoryfieldTest" time="6.909">
    <system-out>
      <![CDATA[===ProductWithMandatoryfieldTestExecution STARTED====
===ProductWithMandatoryfieldTestSUCCESS====]]>
    </system-out>
  </testcase> <!-- ProductWithMandatoryfieldTest -->
  <system-out>
    <![CDATA[Report Configuration
===ProductWithMandatoryfieldTestExecution STARTED====
===ProductWithMandatoryfieldTestSUCCESS====
===CreateCampaignWithExpectedDateTestExecution STARTED====
====CreateCampaignWithExpectedDateTestFAILURE=====
===CreateCampaignWithMandatoryfieldTestExecution STARTED====
===CreateCampaignWithMandatoryfieldTestSKIPPED====
===CreateCampaignWithStatusTestExecution STARTED====
===CreateCampaignWithStatusTestSKIPPED====]]>
  </system-out>
</testsuite> <!-- Product.ProductTest -->
