<?xml version="1.0" encoding="UTF-8"?>
<!-- Generated by org.testng.reporters.JUnitReportReporter -->
<testsuite hostname="LAPTOP-FG6TU5Q7" failures="0" tests="5" name="testNGPratice.Demo" time="0.025" errors="0" timestamp="2025-07-23T20:28:34 IST" skipped="0">
  <testcase classname="testNGPratice.Demo" name="a23" time="0.005">
    <system-out>
      <![CDATA[a23 excueted]]>
    </system-out>
  </testcase> <!-- a23 -->
  <testcase classname="testNGPratice.Demo" name="b25" time="0.001">
    <system-out>
      <![CDATA[b25 excueted]]>
    </system-out>
  </testcase> <!-- b25 -->
  <testcase classname="testNGPratice.Demo" name="a16" time="0.008">
    <system-out>
      <![CDATA[a16 excueted]]>
    </system-out>
  </testcase> <!-- a16 -->
  <testcase classname="testNGPratice.Demo" name="b11" time="0.002">
    <system-out>
      <![CDATA[b11 excueted]]>
    </system-out>
  </testcase> <!-- b11 -->
  <testcase classname="testNGPratice.Demo" name="a11" time="0.009">
    <system-out>
      <![CDATA[a11 excueted]]>
    </system-out>
  </testcase> <!-- a11 -->
  <system-out>
    <![CDATA[a11 excueted
a16 excueted
a23 excueted
b11 excueted
b25 excueted]]>
  </system-out>
</testsuite> <!-- testNGPratice.Demo -->
