<?xml version="1.0" encoding="UTF-8"?>
<!-- Generated by org.testng.reporters.JUnitReportReporter -->
<testsuite hostname="LAPTOP-FG6TU5Q7" failures="0" tests="1" name="dailypratice.Readfromcmd" time="0.032" errors="0" timestamp="2025-08-04T20:34:01 IST" skipped="0">
  <testcase classname="dailypratice.Readfromcmd" name="readfromcmd1" time="0.032"/>
</testsuite> <!-- dailypratice.Readfromcmd -->
