<?xml version="1.0" encoding="UTF-8"?>
<!-- Generated by org.testng.reporters.JUnitReportReporter -->
<testsuite hostname="LAPTOP-FG6TU5Q7" failures="0" tests="5" name="testNGPratice.ThreadPoolSize" time="18.542" errors="0" timestamp="2025-07-24T19:43:19 IST" skipped="0">
  <testcase classname="testNGPratice.ThreadPoolSize" name="login" time="3.425"/>
  <testcase classname="testNGPratice.ThreadPoolSize" name="login" time="4.167"/>
  <testcase classname="testNGPratice.ThreadPoolSize" name="login" time="4.167"/>
  <testcase classname="testNGPratice.ThreadPoolSize" name="login" time="3.188"/>
  <testcase classname="testNGPratice.ThreadPoolSize" name="login" time="3.595"/>
</testsuite> <!-- testNGPratice.ThreadPoolSize -->
