<?xml version="1.0" encoding="UTF-8"?>
<!-- Generated by org.testng.reporters.JUnitReportReporter -->
<testsuite hostname="LAPTOP-FG6TU5Q7" failures="0" tests="1" name="implemenationofTestNG.CreateContact" time="9.976" errors="0" timestamp="2025-07-26T19:58:00 IST" skipped="0">
  <testcase classname="implemenationofTestNG.CreateContact" name="CreateContace" time="9.976"/>
</testsuite> <!-- implemenationofTestNG.CreateContact -->
