<?xml version="1.0" encoding="UTF-8"?>
<!-- Generated by org.testng.reporters.JUnitReportReporter -->
<testsuite hostname="LAPTOP-FG6TU5Q7" failures="0" tests="1" name="testNGPratice.Screenshot" time="3.464" errors="0" timestamp="2025-07-30T19:54:01 IST" skipped="0">
  <testcase classname="testNGPratice.Screenshot" name="takescreenshot" time="3.464"/>
</testsuite> <!-- testNGPratice.Screenshot -->
