<?xml version="1.0" encoding="UTF-8"?>
<!-- Generated by org.testng.reporters.JUnitReportReporter -->
<testsuite hostname="LAPTOP-FG6TU5Q7" failures="0" tests="3" name="testNGPratice.Dependson" time="0.012" errors="0" timestamp="2025-07-24T20:09:02 IST" skipped="0">
  <testcase classname="testNGPratice.Dependson" name="addCart" time="0.010">
    <system-out>
      <![CDATA[added]]>
    </system-out>
  </testcase> <!-- addCart -->
  <testcase classname="testNGPratice.Dependson" name="deleteCart" time="0.001">
    <system-out>
      <![CDATA[deleted]]>
    </system-out>
  </testcase> <!-- deleteCart -->
  <testcase classname="testNGPratice.Dependson" name="editCart" time="0.001">
    <system-out>
      <![CDATA[edited]]>
    </system-out>
  </testcase> <!-- editCart -->
  <system-out>
    <![CDATA[added
edited
deleted]]>
  </system-out>
</testsuite> <!-- testNGPratice.Dependson -->
