<?xml version="1.0" encoding="UTF-8"?>
<!-- Generated by org.testng.reporters.JUnitReportReporter -->
<testsuite hostname="LAPTOP-FG6TU5Q7" failures="0" tests="3" name="testNGPratice.InvocationCount" time="15.597" errors="0" timestamp="2025-07-24T19:32:28 IST" skipped="0">
  <testcase classname="testNGPratice.InvocationCount" name="login" time="8.973"/>
  <testcase classname="testNGPratice.InvocationCount" name="login" time="3.307"/>
  <testcase classname="testNGPratice.InvocationCount" name="login" time="3.317"/>
</testsuite> <!-- testNGPratice.InvocationCount -->
