<?xml version="1.0" encoding="UTF-8"?>
<!-- Generated by org.testng.reporters.JUnitReportReporter -->
<testsuite hostname="LAPTOP-FG6TU5Q7" failures="0" tests="1" name="implemenationofTestNG.ProductWithMandatoryfield" time="7.779" errors="0" timestamp="2025-07-26T19:50:37 IST" skipped="0">
  <testcase classname="implemenationofTestNG.ProductWithMandatoryfield" name="ProductWithMandatoryfield" time="7.779"/>
</testsuite> <!-- implemenationofTestNG.ProductWithMandatoryfield -->
