<?xml version="1.0" encoding="UTF-8"?>
<!-- Generated by org.testng.reporters.JUnitReportReporter -->
<testsuite hostname="LAPTOP-FG6TU5Q7" failures="0" tests="1" name="implemenationofTestNG.CreateCampainWithExpectedDate" time="6.621" errors="0" timestamp="2025-07-26T19:45:07 IST" skipped="0">
  <testcase classname="implemenationofTestNG.CreateCampainWithExpectedDate" name="CreateCampaigWithExpectedDate" time="6.621"/>
</testsuite> <!-- implemenationofTestNG.CreateCampainWithExpectedDate -->
